<?xml version="1.0" encoding="UTF-8"?>
<testsuite name="com.rpecalc.utils.CalculatorTest" tests="2" skipped="0" failures="0" errors="0" timestamp="2026-03-16T18:28:00.290Z" hostname="MAC-69674.local" time="0.005">
  <properties/>
  <testcase name="targetWeight_calculation_isCorrect" classname="com.rpecalc.utils.CalculatorTest" time="0.004"/>
  <testcase name="e1rm_calculation_isCorrect" classname="com.rpecalc.utils.CalculatorTest" time="0.0"/>
  <system-out><![CDATA[]]></system-out>
  <system-err><![CDATA[]]></system-err>
</testsuite>
